This file contains any messages produced by compilers while
running configure, to aid debugging if configure makes a mistake.

It was created by SSDEEP configure 2.7, which was
generated by GNU Autoconf 2.68.  Invocation command line was

  $ ./configure 

## --------- ##
## Platform. ##
## --------- ##

hostname = critsdev01.mitre.org
uname -m = x86_64
uname -r = 2.6.32-220.13.1.el6.x86_64
uname -s = Linux
uname -v = #1 SMP Thu Mar 29 11:46:40 EDT 2012

/usr/bin/uname -p = unknown
/bin/uname -X     = unknown

/bin/arch              = x86_64
/usr/bin/arch -k       = unknown
/usr/convex/getsysinfo = unknown
/usr/bin/hostinfo      = unknown
/bin/machine           = unknown
/usr/bin/oslevel       = unknown
/bin/universe          = unknown

PATH: /sbin
PATH: /bin
PATH: /usr/sbin
PATH: /usr/bin


## ----------- ##
## Core tests. ##
## ----------- ##

configure:2222: checking for a BSD-compatible install
configure:2290: result: /usr/bin/install -c
configure:2301: checking whether build environment is sane
configure:2351: result: yes
configure:2492: checking for a thread-safe mkdir -p
configure:2531: result: /bin/mkdir -p
configure:2544: checking for gawk
configure:2560: found /bin/gawk
configure:2571: result: gawk
configure:2582: checking whether make sets $(MAKE)
configure:2604: result: yes
configure:2694: checking build system type
configure:2708: result: x86_64-unknown-linux-gnu
configure:2728: checking host system type
configure:2741: result: x86_64-unknown-linux-gnu
configure:2810: checking for gcc
configure:2826: found /usr/bin/gcc
configure:2837: result: gcc
configure:3066: checking for C compiler version
configure:3075: gcc --version >&5
gcc (GCC) 4.4.6 20110731 (Red Hat 4.4.6-3)
Copyright (C) 2010 Free Software Foundation, Inc.
This is free software; see the source for copying conditions.  There is NO
warranty; not even for MERCHANTABILITY or FITNESS FOR A PARTICULAR PURPOSE.

configure:3086: $? = 0
configure:3075: gcc -v >&5
Using built-in specs.
Target: x86_64-redhat-linux
Configured with: ../configure --prefix=/usr --mandir=/usr/share/man --infodir=/usr/share/info --with-bugurl=http://bugzilla.redhat.com/bugzilla --enable-bootstrap --enable-shared --enable-threads=posix --enable-checking=release --with-system-zlib --enable-__cxa_atexit --disable-libunwind-exceptions --enable-gnu-unique-object --enable-languages=c,c++,objc,obj-c++,java,fortran,ada --enable-java-awt=gtk --disable-dssi --with-java-home=/usr/lib/jvm/java-1.5.0-gcj-1.5.0.0/jre --enable-libgcj-multifile --enable-java-maintainer-mode --with-ecj-jar=/usr/share/java/eclipse-ecj.jar --disable-libjava-multilib --with-ppl --with-cloog --with-tune=generic --with-arch_32=i686 --build=x86_64-redhat-linux
Thread model: posix
gcc version 4.4.6 20110731 (Red Hat 4.4.6-3) (GCC) 
configure:3086: $? = 0
configure:3075: gcc -V >&5
gcc: '-V' option must have argument
configure:3086: $? = 1
configure:3075: gcc -qversion >&5
gcc: unrecognized option '-qversion'
gcc: no input files
configure:3086: $? = 1
configure:3106: checking whether the C compiler works
configure:3128: gcc    conftest.c  >&5
configure:3132: $? = 0
configure:3180: result: yes
configure:3183: checking for C compiler default output file name
configure:3185: result: a.out
configure:3191: checking for suffix of executables
configure:3198: gcc -o conftest    conftest.c  >&5
configure:3202: $? = 0
configure:3224: result: 
configure:3246: checking whether we are cross compiling
configure:3254: gcc -o conftest    conftest.c  >&5
configure:3258: $? = 0
configure:3265: ./conftest
configure:3269: $? = 0
configure:3284: result: no
configure:3289: checking for suffix of object files
configure:3311: gcc -c   conftest.c >&5
configure:3315: $? = 0
configure:3336: result: o
configure:3340: checking whether we are using the GNU C compiler
configure:3359: gcc -c   conftest.c >&5
configure:3359: $? = 0
configure:3368: result: yes
configure:3377: checking whether gcc accepts -g
configure:3397: gcc -c -g  conftest.c >&5
configure:3397: $? = 0
configure:3438: result: yes
configure:3455: checking for gcc option to accept ISO C89
configure:3519: gcc  -c -g -O2  conftest.c >&5
configure:3519: $? = 0
configure:3532: result: none needed
configure:3563: checking for style of include used by make
configure:3591: result: GNU
configure:3616: checking dependency style of gcc
configure:3726: result: gcc3
configure:4091: checking how to print strings
configure:4118: result: printf
configure:4139: checking for a sed that does not truncate output
configure:4203: result: /bin/sed
configure:4221: checking for grep that handles long lines and -e
configure:4279: result: /bin/grep
configure:4284: checking for egrep
configure:4346: result: /bin/grep -E
configure:4351: checking for fgrep
configure:4413: result: /bin/grep -F
configure:4448: checking for ld used by gcc
configure:4515: result: /usr/bin/ld
configure:4522: checking if the linker (/usr/bin/ld) is GNU ld
configure:4537: result: yes
configure:4549: checking for BSD- or MS-compatible name lister (nm)
configure:4598: result: /usr/bin/nm -B
configure:4728: checking the name lister (/usr/bin/nm -B) interface
configure:4735: gcc -c -g -O2  conftest.c >&5
configure:4738: /usr/bin/nm -B "conftest.o"
configure:4741: output
0000000000000000 B some_variable
configure:4748: result: BSD nm
configure:4751: checking whether ln -s works
configure:4755: result: yes
configure:4763: checking the maximum length of command line arguments
configure:4888: result: 1966080
configure:4905: checking whether the shell understands some XSI constructs
configure:4915: result: yes
configure:4919: checking whether the shell understands "+="
configure:4925: result: yes
configure:4960: checking how to convert x86_64-unknown-linux-gnu file names to x86_64-unknown-linux-gnu format
configure:5000: result: func_convert_file_noop
configure:5007: checking how to convert x86_64-unknown-linux-gnu file names to toolchain format
configure:5027: result: func_convert_file_noop
configure:5034: checking for /usr/bin/ld option to reload object files
configure:5041: result: -r
configure:5115: checking for objdump
configure:5142: result: objdump
configure:5171: checking how to recognize dependent libraries
configure:5373: result: pass_all
configure:5458: checking for dlltool
configure:5485: result: dlltool
configure:5515: checking how to associate runtime and link libraries
configure:5542: result: printf %s\n
configure:5603: checking for ar
configure:5619: found /usr/bin/ar
configure:5630: result: ar
configure:5667: checking for archiver @FILE support
configure:5684: gcc -c -g -O2  conftest.c >&5
configure:5684: $? = 0
configure:5687: ar cru libconftest.a @conftest.lst >&5
configure:5690: $? = 0
configure:5695: ar cru libconftest.a @conftest.lst >&5
ar: conftest.o: No such file or directory
configure:5698: $? = 1
configure:5710: result: @
configure:5768: checking for strip
configure:5784: found /usr/bin/strip
configure:5795: result: strip
configure:5867: checking for ranlib
configure:5883: found /usr/bin/ranlib
configure:5894: result: ranlib
configure:5996: checking command to parse /usr/bin/nm -B output from gcc object
configure:6115: gcc -c -g -O2  conftest.c >&5
configure:6118: $? = 0
configure:6122: /usr/bin/nm -B conftest.o \| sed -n -e 's/^.*[ ]\([ABCDGIRSTW][ABCDGIRSTW]*\)[ ][ ]*\([_A-Za-z][_A-Za-z0-9]*\)$/\1 \2 \2/p' | sed '/ __gnu_lto/d' \> conftest.nm
configure:6125: $? = 0
configure:6191: gcc -o conftest -g -O2   conftest.c conftstm.o >&5
configure:6194: $? = 0
configure:6232: result: ok
configure:6269: checking for sysroot
configure:6299: result: no
configure:6376: gcc -c -g -O2  conftest.c >&5
configure:6379: $? = 0
configure:6542: checking for mt
configure:6572: result: no
configure:6592: checking if : is a manifest tool
configure:6598: : '-?'
configure:6606: result: no
configure:7238: checking how to run the C preprocessor
configure:7269: gcc -E  conftest.c
configure:7269: $? = 0
configure:7283: gcc -E  conftest.c
conftest.c:11:28: error: ac_nonexistent.h: No such file or directory
configure:7283: $? = 1
configure: failed program was:
| /* confdefs.h */
| #define PACKAGE_NAME "SSDEEP"
| #define PACKAGE_TARNAME "ssdeep"
| #define PACKAGE_VERSION "2.7"
| #define PACKAGE_STRING "SSDEEP 2.7"
| #define PACKAGE_BUGREPORT "research@jessekornblum.com"
| #define PACKAGE_URL ""
| #define PACKAGE "ssdeep"
| #define VERSION "2.7"
| /* end confdefs.h.  */
| #include <ac_nonexistent.h>
configure:7308: result: gcc -E
configure:7328: gcc -E  conftest.c
configure:7328: $? = 0
configure:7342: gcc -E  conftest.c
conftest.c:11:28: error: ac_nonexistent.h: No such file or directory
configure:7342: $? = 1
configure: failed program was:
| /* confdefs.h */
| #define PACKAGE_NAME "SSDEEP"
| #define PACKAGE_TARNAME "ssdeep"
| #define PACKAGE_VERSION "2.7"
| #define PACKAGE_STRING "SSDEEP 2.7"
| #define PACKAGE_BUGREPORT "research@jessekornblum.com"
| #define PACKAGE_URL ""
| #define PACKAGE "ssdeep"
| #define VERSION "2.7"
| /* end confdefs.h.  */
| #include <ac_nonexistent.h>
configure:7371: checking for ANSI C header files
configure:7391: gcc -c -g -O2  conftest.c >&5
configure:7391: $? = 0
configure:7464: gcc -o conftest -g -O2   conftest.c  >&5
configure:7464: $? = 0
configure:7464: ./conftest
configure:7464: $? = 0
configure:7475: result: yes
configure:7488: checking for sys/types.h
configure:7488: gcc -c -g -O2  conftest.c >&5
configure:7488: $? = 0
configure:7488: result: yes
configure:7488: checking for sys/stat.h
configure:7488: gcc -c -g -O2  conftest.c >&5
configure:7488: $? = 0
configure:7488: result: yes
configure:7488: checking for stdlib.h
configure:7488: gcc -c -g -O2  conftest.c >&5
configure:7488: $? = 0
configure:7488: result: yes
configure:7488: checking for string.h
configure:7488: gcc -c -g -O2  conftest.c >&5
configure:7488: $? = 0
configure:7488: result: yes
configure:7488: checking for memory.h
configure:7488: gcc -c -g -O2  conftest.c >&5
configure:7488: $? = 0
configure:7488: result: yes
configure:7488: checking for strings.h
configure:7488: gcc -c -g -O2  conftest.c >&5
configure:7488: $? = 0
configure:7488: result: yes
configure:7488: checking for inttypes.h
configure:7488: gcc -c -g -O2  conftest.c >&5
configure:7488: $? = 0
configure:7488: result: yes
configure:7488: checking for stdint.h
configure:7488: gcc -c -g -O2  conftest.c >&5
configure:7488: $? = 0
configure:7488: result: yes
configure:7488: checking for unistd.h
configure:7488: gcc -c -g -O2  conftest.c >&5
configure:7488: $? = 0
configure:7488: result: yes
configure:7502: checking for dlfcn.h
configure:7502: gcc -c -g -O2  conftest.c >&5
configure:7502: $? = 0
configure:7502: result: yes
configure:7687: checking for objdir
configure:7702: result: .libs
configure:7973: checking if gcc supports -fno-rtti -fno-exceptions
configure:7991: gcc -c -g -O2  -fno-rtti -fno-exceptions conftest.c >&5
cc1: warning: command line option "-fno-rtti" is valid for C++/ObjC++ but not for C
configure:7995: $? = 0
configure:8008: result: no
configure:8318: checking for gcc option to produce PIC
configure:8325: result: -fPIC -DPIC
configure:8333: checking if gcc PIC flag -fPIC -DPIC works
configure:8351: gcc -c -g -O2  -fPIC -DPIC -DPIC conftest.c >&5
configure:8355: $? = 0
configure:8368: result: yes
configure:8397: checking if gcc static flag -static works
configure:8425: result: no
configure:8440: checking if gcc supports -c -o file.o
configure:8461: gcc -c -g -O2  -o out/conftest2.o conftest.c >&5
configure:8465: $? = 0
configure:8487: result: yes
configure:8495: checking if gcc supports -c -o file.o
configure:8542: result: yes
configure:8575: checking whether the gcc linker (/usr/bin/ld -m elf_x86_64) supports shared libraries
configure:9733: result: yes
configure:9770: checking whether -lc should be explicitly linked in
configure:9778: gcc -c -g -O2  conftest.c >&5
configure:9781: $? = 0
configure:9796: gcc -shared  -fPIC -DPIC conftest.o  -v -Wl,-soname -Wl,conftest -o conftest 2\>\&1 \| /bin/grep  -lc  \>/dev/null 2\>\&1
configure:9799: $? = 0
configure:9813: result: no
configure:9978: checking dynamic linker characteristics
configure:10492: gcc -o conftest -g -O2   -Wl,-rpath -Wl,/foo conftest.c  >&5
configure:10492: $? = 0
configure:10714: result: GNU/Linux ld.so
configure:10821: checking how to hardcode library paths into programs
configure:10846: result: immediate
configure:11386: checking whether stripping libraries is possible
configure:11391: result: yes
configure:11426: checking if libtool supports shared libraries
configure:11428: result: yes
configure:11431: checking whether to build shared libraries
configure:11452: result: yes
configure:11455: checking whether to build static libraries
configure:11459: result: yes
configure:11516: checking whether byte ordering is bigendian
configure:11531: gcc -c -g -O2 -I/usr/local/include  conftest.c >&5
conftest.c:25: error: expected '=', ',', ';', 'asm' or '__attribute__' before 'a'
configure:11531: $? = 1
configure: failed program was:
| /* confdefs.h */
| #define PACKAGE_NAME "SSDEEP"
| #define PACKAGE_TARNAME "ssdeep"
| #define PACKAGE_VERSION "2.7"
| #define PACKAGE_STRING "SSDEEP 2.7"
| #define PACKAGE_BUGREPORT "research@jessekornblum.com"
| #define PACKAGE_URL ""
| #define PACKAGE "ssdeep"
| #define VERSION "2.7"
| #define STDC_HEADERS 1
| #define HAVE_SYS_TYPES_H 1
| #define HAVE_SYS_STAT_H 1
| #define HAVE_STDLIB_H 1
| #define HAVE_STRING_H 1
| #define HAVE_MEMORY_H 1
| #define HAVE_STRINGS_H 1
| #define HAVE_INTTYPES_H 1
| #define HAVE_STDINT_H 1
| #define HAVE_UNISTD_H 1
| #define HAVE_DLFCN_H 1
| #define LT_OBJDIR ".libs/"
| #define __LINUX__ 1
| /* end confdefs.h.  */
| #ifndef __APPLE_CC__
| 	       not a universal capable compiler
| 	     #endif
| 	     typedef int dummy;
| 
configure:11576: gcc -c -g -O2 -I/usr/local/include  conftest.c >&5
configure:11576: $? = 0
configure:11594: gcc -c -g -O2 -I/usr/local/include  conftest.c >&5
conftest.c: In function 'main':
conftest.c:31: error: 'not' undeclared (first use in this function)
conftest.c:31: error: (Each undeclared identifier is reported only once
conftest.c:31: error: for each function it appears in.)
conftest.c:31: error: expected ';' before 'big'
configure:11594: $? = 1
configure: failed program was:
| /* confdefs.h */
| #define PACKAGE_NAME "SSDEEP"
| #define PACKAGE_TARNAME "ssdeep"
| #define PACKAGE_VERSION "2.7"
| #define PACKAGE_STRING "SSDEEP 2.7"
| #define PACKAGE_BUGREPORT "research@jessekornblum.com"
| #define PACKAGE_URL ""
| #define PACKAGE "ssdeep"
| #define VERSION "2.7"
| #define STDC_HEADERS 1
| #define HAVE_SYS_TYPES_H 1
| #define HAVE_SYS_STAT_H 1
| #define HAVE_STDLIB_H 1
| #define HAVE_STRING_H 1
| #define HAVE_MEMORY_H 1
| #define HAVE_STRINGS_H 1
| #define HAVE_INTTYPES_H 1
| #define HAVE_STDINT_H 1
| #define HAVE_UNISTD_H 1
| #define HAVE_DLFCN_H 1
| #define LT_OBJDIR ".libs/"
| #define __LINUX__ 1
| /* end confdefs.h.  */
| #include <sys/types.h>
| 		#include <sys/param.h>
| 
| int
| main ()
| {
| #if BYTE_ORDER != BIG_ENDIAN
| 		 not big endian
| 		#endif
| 
|   ;
|   return 0;
| }
configure:11722: result: no
configure:11743: checking libgen.h usability
configure:11743: gcc -c -g -O2 -I/usr/local/include  conftest.c >&5
configure:11743: $? = 0
configure:11743: result: yes
configure:11743: checking libgen.h presence
configure:11743: gcc -E -I/usr/local/include  conftest.c
configure:11743: $? = 0
configure:11743: result: yes
configure:11743: checking for libgen.h
configure:11743: result: yes
configure:11755: checking dirent.h usability
configure:11755: gcc -c -g -O2 -I/usr/local/include  conftest.c >&5
configure:11755: $? = 0
configure:11755: result: yes
configure:11755: checking dirent.h presence
configure:11755: gcc -E -I/usr/local/include  conftest.c
configure:11755: $? = 0
configure:11755: result: yes
configure:11755: checking for dirent.h
configure:11755: result: yes
configure:11767: checking for inttypes.h
configure:11767: result: yes
configure:11781: checking fcntl.h usability
configure:11781: gcc -c -g -O2 -I/usr/local/include  conftest.c >&5
configure:11781: $? = 0
configure:11781: result: yes
configure:11781: checking fcntl.h presence
configure:11781: gcc -E -I/usr/local/include  conftest.c
configure:11781: $? = 0
configure:11781: result: yes
configure:11781: checking for fcntl.h
configure:11781: result: yes
configure:11781: checking for sys/types.h
configure:11781: result: yes
configure:11781: checking sys/ioctl.h usability
configure:11781: gcc -c -g -O2 -I/usr/local/include  conftest.c >&5
configure:11781: $? = 0
configure:11781: result: yes
configure:11781: checking sys/ioctl.h presence
configure:11781: gcc -E -I/usr/local/include  conftest.c
configure:11781: $? = 0
configure:11781: result: yes
configure:11781: checking for sys/ioctl.h
configure:11781: result: yes
configure:11781: checking sys/param.h usability
configure:11781: gcc -c -g -O2 -I/usr/local/include  conftest.c >&5
configure:11781: $? = 0
configure:11781: result: yes
configure:11781: checking sys/param.h presence
configure:11781: gcc -E -I/usr/local/include  conftest.c
configure:11781: $? = 0
configure:11781: result: yes
configure:11781: checking for sys/param.h
configure:11781: result: yes
configure:11781: checking wchar.h usability
configure:11781: gcc -c -g -O2 -I/usr/local/include  conftest.c >&5
configure:11781: $? = 0
configure:11781: result: yes
configure:11781: checking wchar.h presence
configure:11781: gcc -E -I/usr/local/include  conftest.c
configure:11781: $? = 0
configure:11781: result: yes
configure:11781: checking for wchar.h
configure:11781: result: yes
configure:11781: checking for unistd.h
configure:11781: result: yes
configure:11781: checking for sys/stat.h
configure:11781: result: yes
configure:11781: checking sys/disk.h usability
configure:11781: gcc -c -g -O2 -I/usr/local/include  conftest.c >&5
conftest.c:67:22: error: sys/disk.h: No such file or directory
configure:11781: $? = 1
configure: failed program was:
| /* confdefs.h */
| #define PACKAGE_NAME "SSDEEP"
| #define PACKAGE_TARNAME "ssdeep"
| #define PACKAGE_VERSION "2.7"
| #define PACKAGE_STRING "SSDEEP 2.7"
| #define PACKAGE_BUGREPORT "research@jessekornblum.com"
| #define PACKAGE_URL ""
| #define PACKAGE "ssdeep"
| #define VERSION "2.7"
| #define STDC_HEADERS 1
| #define HAVE_SYS_TYPES_H 1
| #define HAVE_SYS_STAT_H 1
| #define HAVE_STDLIB_H 1
| #define HAVE_STRING_H 1
| #define HAVE_MEMORY_H 1
| #define HAVE_STRINGS_H 1
| #define HAVE_INTTYPES_H 1
| #define HAVE_STDINT_H 1
| #define HAVE_UNISTD_H 1
| #define HAVE_DLFCN_H 1
| #define LT_OBJDIR ".libs/"
| #define __LINUX__ 1
| #define HAVE_LIBGEN_H 1
| #define HAVE_DIRENT_H 1
| #define HAVE_INTTYPES_H 1
| #define HAVE_FCNTL_H 1
| #define HAVE_SYS_TYPES_H 1
| #define HAVE_SYS_IOCTL_H 1
| #define HAVE_SYS_PARAM_H 1
| #define HAVE_WCHAR_H 1
| #define HAVE_UNISTD_H 1
| #define HAVE_SYS_STAT_H 1
| /* end confdefs.h.  */
| #include <stdio.h>
| #ifdef HAVE_SYS_TYPES_H
| # include <sys/types.h>
| #endif
| #ifdef HAVE_SYS_STAT_H
| # include <sys/stat.h>
| #endif
| #ifdef STDC_HEADERS
| # include <stdlib.h>
| # include <stddef.h>
| #else
| # ifdef HAVE_STDLIB_H
| #  include <stdlib.h>
| # endif
| #endif
| #ifdef HAVE_STRING_H
| # if !defined STDC_HEADERS && defined HAVE_MEMORY_H
| #  include <memory.h>
| # endif
| # include <string.h>
| #endif
| #ifdef HAVE_STRINGS_H
| # include <strings.h>
| #endif
| #ifdef HAVE_INTTYPES_H
| # include <inttypes.h>
| #endif
| #ifdef HAVE_STDINT_H
| # include <stdint.h>
| #endif
| #ifdef HAVE_UNISTD_H
| # include <unistd.h>
| #endif
| #include <sys/disk.h>
configure:11781: result: no
configure:11781: checking sys/disk.h presence
configure:11781: gcc -E -I/usr/local/include  conftest.c
conftest.c:34:22: error: sys/disk.h: No such file or directory
configure:11781: $? = 1
configure: failed program was:
| /* confdefs.h */
| #define PACKAGE_NAME "SSDEEP"
| #define PACKAGE_TARNAME "ssdeep"
| #define PACKAGE_VERSION "2.7"
| #define PACKAGE_STRING "SSDEEP 2.7"
| #define PACKAGE_BUGREPORT "research@jessekornblum.com"
| #define PACKAGE_URL ""
| #define PACKAGE "ssdeep"
| #define VERSION "2.7"
| #define STDC_HEADERS 1
| #define HAVE_SYS_TYPES_H 1
| #define HAVE_SYS_STAT_H 1
| #define HAVE_STDLIB_H 1
| #define HAVE_STRING_H 1
| #define HAVE_MEMORY_H 1
| #define HAVE_STRINGS_H 1
| #define HAVE_INTTYPES_H 1
| #define HAVE_STDINT_H 1
| #define HAVE_UNISTD_H 1
| #define HAVE_DLFCN_H 1
| #define LT_OBJDIR ".libs/"
| #define __LINUX__ 1
| #define HAVE_LIBGEN_H 1
| #define HAVE_DIRENT_H 1
| #define HAVE_INTTYPES_H 1
| #define HAVE_FCNTL_H 1
| #define HAVE_SYS_TYPES_H 1
| #define HAVE_SYS_IOCTL_H 1
| #define HAVE_SYS_PARAM_H 1
| #define HAVE_WCHAR_H 1
| #define HAVE_UNISTD_H 1
| #define HAVE_SYS_STAT_H 1
| /* end confdefs.h.  */
| #include <sys/disk.h>
configure:11781: result: no
configure:11781: checking for sys/disk.h
configure:11781: result: no
configure:11792: checking for inttypes.h
configure:11792: result: yes
configure:11804: checking for sys/mount.h
configure:11804: gcc -c -g -O2 -I/usr/local/include  conftest.c >&5
configure:11804: $? = 0
configure:11804: result: yes
configure:11821: checking for _LARGEFILE_SOURCE value needed for large files
configure:11840: gcc -o conftest -g -O2 -I/usr/local/include  -L/usr/local/lib  conftest.c  >&5
configure:11840: $? = 0
configure:11868: result: no
configure:12021: creating ./config.status

## ---------------------- ##
## Running config.status. ##
## ---------------------- ##

This file was extended by SSDEEP config.status 2.7, which was
generated by GNU Autoconf 2.68.  Invocation command line was

  CONFIG_FILES    = 
  CONFIG_HEADERS  = 
  CONFIG_LINKS    = 
  CONFIG_COMMANDS = 
  $ ./config.status 

on critsdev01.mitre.org

config.status:1102: creating Makefile
config.status:1102: creating config.h
config.status:1283: config.h is unchanged
config.status:1331: executing depfiles commands
config.status:1331: executing libtool commands

## ---------------- ##
## Cache variables. ##
## ---------------- ##

ac_cv_build=x86_64-unknown-linux-gnu
ac_cv_c_bigendian=no
ac_cv_c_compiler_gnu=yes
ac_cv_env_CC_set=
ac_cv_env_CC_value=
ac_cv_env_CFLAGS_set=
ac_cv_env_CFLAGS_value=
ac_cv_env_CPPFLAGS_set=
ac_cv_env_CPPFLAGS_value=
ac_cv_env_CPP_set=
ac_cv_env_CPP_value=
ac_cv_env_LDFLAGS_set=
ac_cv_env_LDFLAGS_value=
ac_cv_env_LIBS_set=
ac_cv_env_LIBS_value=
ac_cv_env_build_alias_set=
ac_cv_env_build_alias_value=
ac_cv_env_host_alias_set=
ac_cv_env_host_alias_value=
ac_cv_env_target_alias_set=
ac_cv_env_target_alias_value=
ac_cv_header_dirent_h=yes
ac_cv_header_dlfcn_h=yes
ac_cv_header_fcntl_h=yes
ac_cv_header_inttypes_h=yes
ac_cv_header_libgen_h=yes
ac_cv_header_memory_h=yes
ac_cv_header_stdc=yes
ac_cv_header_stdint_h=yes
ac_cv_header_stdlib_h=yes
ac_cv_header_string_h=yes
ac_cv_header_strings_h=yes
ac_cv_header_sys_disk_h=no
ac_cv_header_sys_ioctl_h=yes
ac_cv_header_sys_mount_h=yes
ac_cv_header_sys_param_h=yes
ac_cv_header_sys_stat_h=yes
ac_cv_header_sys_types_h=yes
ac_cv_header_unistd_h=yes
ac_cv_header_wchar_h=yes
ac_cv_host=x86_64-unknown-linux-gnu
ac_cv_objext=o
ac_cv_path_EGREP='/bin/grep -E'
ac_cv_path_FGREP='/bin/grep -F'
ac_cv_path_GREP=/bin/grep
ac_cv_path_SED=/bin/sed
ac_cv_path_install='/usr/bin/install -c'
ac_cv_path_mkdir=/bin/mkdir
ac_cv_prog_AWK=gawk
ac_cv_prog_CPP='gcc -E'
ac_cv_prog_ac_ct_AR=ar
ac_cv_prog_ac_ct_CC=gcc
ac_cv_prog_ac_ct_DLLTOOL=dlltool
ac_cv_prog_ac_ct_OBJDUMP=objdump
ac_cv_prog_ac_ct_RANLIB=ranlib
ac_cv_prog_ac_ct_STRIP=strip
ac_cv_prog_cc_c89=
ac_cv_prog_cc_g=yes
ac_cv_prog_make_make_set=yes
ac_cv_sys_largefile_source=no
am_cv_CC_dependencies_compiler_type=gcc3
lt_cv_ar_at_file=@
lt_cv_archive_cmds_need_lc=no
lt_cv_deplibs_check_method=pass_all
lt_cv_file_magic_cmd='$MAGIC_CMD'
lt_cv_file_magic_test_file=
lt_cv_ld_reload_flag=-r
lt_cv_nm_interface='BSD nm'
lt_cv_objdir=.libs
lt_cv_path_LD=/usr/bin/ld
lt_cv_path_NM='/usr/bin/nm -B'
lt_cv_path_mainfest_tool=no
lt_cv_prog_compiler_c_o=yes
lt_cv_prog_compiler_pic='-fPIC -DPIC'
lt_cv_prog_compiler_pic_works=yes
lt_cv_prog_compiler_rtti_exceptions=no
lt_cv_prog_compiler_static_works=no
lt_cv_prog_gnu_ld=yes
lt_cv_sharedlib_from_linklib_cmd='printf %s\n'
lt_cv_shlibpath_overrides_runpath=no
lt_cv_sys_global_symbol_pipe='sed -n -e '\''s/^.*[	 ]\([ABCDGIRSTW][ABCDGIRSTW]*\)[	 ][	 ]*\([_A-Za-z][_A-Za-z0-9]*\)$/\1 \2 \2/p'\'' | sed '\''/ __gnu_lto/d'\'''
lt_cv_sys_global_symbol_to_c_name_address='sed -n -e '\''s/^: \([^ ]*\)[ ]*$/  {\"\1\", (void *) 0},/p'\'' -e '\''s/^[ABCDGIRSTW]* \([^ ]*\) \([^ ]*\)$/  {"\2", (void *) \&\2},/p'\'''
lt_cv_sys_global_symbol_to_c_name_address_lib_prefix='sed -n -e '\''s/^: \([^ ]*\)[ ]*$/  {\"\1\", (void *) 0},/p'\'' -e '\''s/^[ABCDGIRSTW]* \([^ ]*\) \(lib[^ ]*\)$/  {"\2", (void *) \&\2},/p'\'' -e '\''s/^[ABCDGIRSTW]* \([^ ]*\) \([^ ]*\)$/  {"lib\2", (void *) \&\2},/p'\'''
lt_cv_sys_global_symbol_to_cdecl='sed -n -e '\''s/^T .* \(.*\)$/extern int \1();/p'\'' -e '\''s/^[ABCDGIRSTW]* .* \(.*\)$/extern char \1;/p'\'''
lt_cv_sys_max_cmd_len=1966080
lt_cv_to_host_file_cmd=func_convert_file_noop
lt_cv_to_tool_file_cmd=func_convert_file_noop

## ----------------- ##
## Output variables. ##
## ----------------- ##

ACLOCAL='${SHELL} /root/crits/ssdeep-2.7/missing --run aclocal-1.11'
AMDEPBACKSLASH='\'
AMDEP_FALSE='#'
AMDEP_TRUE=''
AMTAR='${SHELL} /root/crits/ssdeep-2.7/missing --run tar'
AR='ar'
AS='as'
AUTOCONF='${SHELL} /root/crits/ssdeep-2.7/missing --run autoconf'
AUTOHEADER='${SHELL} /root/crits/ssdeep-2.7/missing --run autoheader'
AUTOMAKE='${SHELL} /root/crits/ssdeep-2.7/missing --run automake-1.11'
AWK='gawk'
CC='gcc'
CCDEPMODE='depmode=gcc3'
CFLAGS='-g -O2'
CPP='gcc -E'
CPPFLAGS='-I/usr/local/include '
CYGPATH_W='echo'
DEFS='-DHAVE_CONFIG_H'
DEPDIR='.deps'
DLLTOOL='dlltool'
DSYMUTIL=''
DUMPBIN=''
ECHO_C=''
ECHO_N='-n'
ECHO_T=''
EGREP='/bin/grep -E'
EXEEXT=''
FGREP='/bin/grep -F'
GREP='/bin/grep'
INSTALL_DATA='${INSTALL} -m 644'
INSTALL_PROGRAM='${INSTALL}'
INSTALL_SCRIPT='${INSTALL}'
INSTALL_STRIP_PROGRAM='$(install_sh) -c -s'
LD='/usr/bin/ld -m elf_x86_64'
LDFLAGS='-L/usr/local/lib '
LIBOBJS=''
LIBS=''
LIBTOOL='$(SHELL) $(top_builddir)/libtool'
LIPO=''
LN_S='ln -s'
LTLIBOBJS=''
MAKEINFO='${SHELL} /root/crits/ssdeep-2.7/missing --run makeinfo'
MANIFEST_TOOL=':'
MKDIR_P='/bin/mkdir -p'
NM='/usr/bin/nm -B'
NMEDIT=''
OBJDUMP='objdump'
OBJEXT='o'
OTOOL64=''
OTOOL=''
PACKAGE='ssdeep'
PACKAGE_BUGREPORT='research@jessekornblum.com'
PACKAGE_NAME='SSDEEP'
PACKAGE_STRING='SSDEEP 2.7'
PACKAGE_TARNAME='ssdeep'
PACKAGE_URL=''
PACKAGE_VERSION='2.7'
PATH_SEPARATOR=':'
RANLIB='ranlib'
SED='/bin/sed'
SET_MAKE=''
SHELL='/bin/sh'
STRIP='strip'
VERSION='2.7'
ac_ct_AR='ar'
ac_ct_CC='gcc'
ac_ct_DUMPBIN=''
am__EXEEXT_FALSE=''
am__EXEEXT_TRUE='#'
am__fastdepCC_FALSE='#'
am__fastdepCC_TRUE=''
am__include='include'
am__isrc=''
am__leading_dot='.'
am__quote=''
am__tar='${AMTAR} chof - "$$tardir"'
am__untar='${AMTAR} xf -'
bindir='${exec_prefix}/bin'
build='x86_64-unknown-linux-gnu'
build_alias=''
build_cpu='x86_64'
build_os='linux-gnu'
build_vendor='unknown'
datadir='${datarootdir}'
datarootdir='${prefix}/share'
docdir='${datarootdir}/doc/${PACKAGE_TARNAME}'
dvidir='${docdir}'
exec_prefix='${prefix}'
host='x86_64-unknown-linux-gnu'
host_alias=''
host_cpu='x86_64'
host_os='linux-gnu'
host_vendor='unknown'
htmldir='${docdir}'
includedir='${prefix}/include'
infodir='${datarootdir}/info'
install_sh='${SHELL} /root/crits/ssdeep-2.7/install-sh'
libdir='${exec_prefix}/lib'
libexecdir='${exec_prefix}/libexec'
localedir='${datarootdir}/locale'
localstatedir='${prefix}/var'
mandir='${datarootdir}/man'
mkdir_p='/bin/mkdir -p'
oldincludedir='/usr/include'
pdfdir='${docdir}'
prefix='/usr/local'
program_transform_name='s,x,x,'
psdir='${docdir}'
sbindir='${exec_prefix}/sbin'
sharedstatedir='${prefix}/com'
sysconfdir='${prefix}/etc'
target_alias=''

## ----------- ##
## confdefs.h. ##
## ----------- ##

/* confdefs.h */
#define PACKAGE_NAME "SSDEEP"
#define PACKAGE_TARNAME "ssdeep"
#define PACKAGE_VERSION "2.7"
#define PACKAGE_STRING "SSDEEP 2.7"
#define PACKAGE_BUGREPORT "research@jessekornblum.com"
#define PACKAGE_URL ""
#define PACKAGE "ssdeep"
#define VERSION "2.7"
#define STDC_HEADERS 1
#define HAVE_SYS_TYPES_H 1
#define HAVE_SYS_STAT_H 1
#define HAVE_STDLIB_H 1
#define HAVE_STRING_H 1
#define HAVE_MEMORY_H 1
#define HAVE_STRINGS_H 1
#define HAVE_INTTYPES_H 1
#define HAVE_STDINT_H 1
#define HAVE_UNISTD_H 1
#define HAVE_DLFCN_H 1
#define LT_OBJDIR ".libs/"
#define __LINUX__ 1
#define HAVE_LIBGEN_H 1
#define HAVE_DIRENT_H 1
#define HAVE_INTTYPES_H 1
#define HAVE_FCNTL_H 1
#define HAVE_SYS_TYPES_H 1
#define HAVE_SYS_IOCTL_H 1
#define HAVE_SYS_PARAM_H 1
#define HAVE_WCHAR_H 1
#define HAVE_UNISTD_H 1
#define HAVE_SYS_STAT_H 1
#define HAVE_SYS_MOUNT_H 1
#define HAVE_FSEEKO 1

configure: exit 0
