This file contains any messages produced by compilers while
running configure, to aid debugging if configure makes a mistake.

It was created by yara configure 1.6, which was
generated by GNU Autoconf 2.61.  Invocation command line was

  $ ./configure 

## --------- ##
## Platform. ##
## --------- ##

hostname = critsdev01.mitre.org
uname -m = x86_64
uname -r = 2.6.32-220.13.1.el6.x86_64
uname -s = Linux
uname -v = #1 SMP Thu Mar 29 11:46:40 EDT 2012

/usr/bin/uname -p = unknown
/bin/uname -X     = unknown

/bin/arch              = x86_64
/usr/bin/arch -k       = unknown
/usr/convex/getsysinfo = unknown
/usr/bin/hostinfo      = unknown
/bin/machine           = unknown
/usr/bin/oslevel       = unknown
/bin/universe          = unknown

PATH: /sbin
PATH: /bin
PATH: /usr/sbin
PATH: /usr/bin


## ----------- ##
## Core tests. ##
## ----------- ##

configure:1751: checking for a BSD-compatible install
configure:1807: result: /usr/bin/install -c
configure:1818: checking whether build environment is sane
configure:1861: result: yes
configure:1889: checking for a thread-safe mkdir -p
configure:1928: result: /bin/mkdir -p
configure:1941: checking for gawk
configure:1957: found /bin/gawk
configure:1968: result: gawk
configure:1979: checking whether make sets $(MAKE)
configure:2000: result: yes
configure:2236: checking for gcc
configure:2252: found /usr/bin/gcc
configure:2263: result: gcc
configure:2501: checking for C compiler version
configure:2508: gcc --version >&5
gcc (GCC) 4.4.6 20110731 (Red Hat 4.4.6-3)
Copyright (C) 2010 Free Software Foundation, Inc.
This is free software; see the source for copying conditions.  There is NO
warranty; not even for MERCHANTABILITY or FITNESS FOR A PARTICULAR PURPOSE.

configure:2511: $? = 0
configure:2518: gcc -v >&5
Using built-in specs.
Target: x86_64-redhat-linux
Configured with: ../configure --prefix=/usr --mandir=/usr/share/man --infodir=/usr/share/info --with-bugurl=http://bugzilla.redhat.com/bugzilla --enable-bootstrap --enable-shared --enable-threads=posix --enable-checking=release --with-system-zlib --enable-__cxa_atexit --disable-libunwind-exceptions --enable-gnu-unique-object --enable-languages=c,c++,objc,obj-c++,java,fortran,ada --enable-java-awt=gtk --disable-dssi --with-java-home=/usr/lib/jvm/java-1.5.0-gcj-1.5.0.0/jre --enable-libgcj-multifile --enable-java-maintainer-mode --with-ecj-jar=/usr/share/java/eclipse-ecj.jar --disable-libjava-multilib --with-ppl --with-cloog --with-tune=generic --with-arch_32=i686 --build=x86_64-redhat-linux
Thread model: posix
gcc version 4.4.6 20110731 (Red Hat 4.4.6-3) (GCC) 
configure:2521: $? = 0
configure:2528: gcc -V >&5
gcc: '-V' option must have argument
configure:2531: $? = 1
configure:2554: checking for C compiler default output file name
configure:2581: gcc    conftest.c  >&5
configure:2584: $? = 0
configure:2622: result: a.out
configure:2639: checking whether the C compiler works
configure:2649: ./a.out
configure:2652: $? = 0
configure:2669: result: yes
configure:2676: checking whether we are cross compiling
configure:2678: result: no
configure:2681: checking for suffix of executables
configure:2688: gcc -o conftest    conftest.c  >&5
configure:2691: $? = 0
configure:2715: result: 
configure:2721: checking for suffix of object files
configure:2747: gcc -c   conftest.c >&5
configure:2750: $? = 0
configure:2773: result: o
configure:2777: checking whether we are using the GNU C compiler
configure:2806: gcc -c   conftest.c >&5
configure:2812: $? = 0
configure:2829: result: yes
configure:2834: checking whether gcc accepts -g
configure:2864: gcc -c -g  conftest.c >&5
configure:2870: $? = 0
configure:2969: result: yes
configure:2986: checking for gcc option to accept ISO C89
configure:3060: gcc  -c -g -O2  conftest.c >&5
configure:3066: $? = 0
configure:3089: result: none needed
configure:3118: checking for style of include used by make
configure:3146: result: GNU
configure:3171: checking dependency style of gcc
configure:3262: result: gcc3
configure:3335: checking for g++
configure:3351: found /usr/bin/g++
configure:3362: result: g++
configure:3393: checking for C++ compiler version
configure:3400: g++ --version >&5
g++ (GCC) 4.4.6 20110731 (Red Hat 4.4.6-3)
Copyright (C) 2010 Free Software Foundation, Inc.
This is free software; see the source for copying conditions.  There is NO
warranty; not even for MERCHANTABILITY or FITNESS FOR A PARTICULAR PURPOSE.

configure:3403: $? = 0
configure:3410: g++ -v >&5
Using built-in specs.
Target: x86_64-redhat-linux
Configured with: ../configure --prefix=/usr --mandir=/usr/share/man --infodir=/usr/share/info --with-bugurl=http://bugzilla.redhat.com/bugzilla --enable-bootstrap --enable-shared --enable-threads=posix --enable-checking=release --with-system-zlib --enable-__cxa_atexit --disable-libunwind-exceptions --enable-gnu-unique-object --enable-languages=c,c++,objc,obj-c++,java,fortran,ada --enable-java-awt=gtk --disable-dssi --with-java-home=/usr/lib/jvm/java-1.5.0-gcj-1.5.0.0/jre --enable-libgcj-multifile --enable-java-maintainer-mode --with-ecj-jar=/usr/share/java/eclipse-ecj.jar --disable-libjava-multilib --with-ppl --with-cloog --with-tune=generic --with-arch_32=i686 --build=x86_64-redhat-linux
Thread model: posix
gcc version 4.4.6 20110731 (Red Hat 4.4.6-3) (GCC) 
configure:3413: $? = 0
configure:3420: g++ -V >&5
g++: '-V' option must have argument
configure:3423: $? = 1
configure:3426: checking whether we are using the GNU C++ compiler
configure:3455: g++ -c   conftest.cpp >&5
configure:3461: $? = 0
configure:3478: result: yes
configure:3483: checking whether g++ accepts -g
configure:3513: g++ -c -g  conftest.cpp >&5
configure:3519: $? = 0
configure:3618: result: yes
configure:3643: checking dependency style of g++
configure:3734: result: gcc3
configure:3835: checking for main in -lpcre
configure:3864: gcc -o conftest -g -O2   conftest.c -lpcre   >&5
configure:3870: $? = 0
configure:3888: result: yes
configure:4057: creating ./config.status

## ---------------------- ##
## Running config.status. ##
## ---------------------- ##

This file was extended by yara config.status 1.6, which was
generated by GNU Autoconf 2.61.  Invocation command line was

  CONFIG_FILES    = 
  CONFIG_HEADERS  = 
  CONFIG_LINKS    = 
  CONFIG_COMMANDS = 
  $ ./config.status 

on critsdev01.mitre.org

config.status:642: creating Makefile
config.status:642: creating config.h
config.status:905: executing depfiles commands
configure:5335: === configuring in libyara (/root/crits/yara-1.6/libyara)
configure:5438: running /bin/sh ./configure '--prefix=/usr/local'  --cache-file=/dev/null --srcdir=.

## ---------------- ##
## Cache variables. ##
## ---------------- ##

ac_cv_c_compiler_gnu=yes
ac_cv_cxx_compiler_gnu=yes
ac_cv_env_CCC_set=
ac_cv_env_CCC_value=
ac_cv_env_CC_set=
ac_cv_env_CC_value=
ac_cv_env_CFLAGS_set=
ac_cv_env_CFLAGS_value=
ac_cv_env_CPPFLAGS_set=
ac_cv_env_CPPFLAGS_value=
ac_cv_env_CXXFLAGS_set=
ac_cv_env_CXXFLAGS_value=
ac_cv_env_CXX_set=
ac_cv_env_CXX_value=
ac_cv_env_LDFLAGS_set=
ac_cv_env_LDFLAGS_value=
ac_cv_env_LIBS_set=
ac_cv_env_LIBS_value=
ac_cv_env_build_alias_set=
ac_cv_env_build_alias_value=
ac_cv_env_host_alias_set=
ac_cv_env_host_alias_value=
ac_cv_env_target_alias_set=
ac_cv_env_target_alias_value=
ac_cv_lib_pcre_main=yes
ac_cv_objext=o
ac_cv_path_install='/usr/bin/install -c'
ac_cv_path_mkdir=/bin/mkdir
ac_cv_prog_AWK=gawk
ac_cv_prog_ac_ct_CC=gcc
ac_cv_prog_ac_ct_CXX=g++
ac_cv_prog_cc_c89=
ac_cv_prog_cc_g=yes
ac_cv_prog_cxx_g=yes
ac_cv_prog_make_make_set=yes
am_cv_CC_dependencies_compiler_type=gcc3
am_cv_CXX_dependencies_compiler_type=gcc3

## ----------------- ##
## Output variables. ##
## ----------------- ##

ACLOCAL='${SHELL} /root/crits/yara-1.6/missing --run aclocal-1.10'
AMDEPBACKSLASH='\'
AMDEP_FALSE='#'
AMDEP_TRUE=''
AMTAR='${SHELL} /root/crits/yara-1.6/missing --run tar'
AUTOCONF='${SHELL} /root/crits/yara-1.6/missing --run autoconf'
AUTOHEADER='${SHELL} /root/crits/yara-1.6/missing --run autoheader'
AUTOMAKE='${SHELL} /root/crits/yara-1.6/missing --run automake-1.10'
AWK='gawk'
CC='gcc'
CCDEPMODE='depmode=gcc3'
CFLAGS='-g -O2'
CPPFLAGS=''
CXX='g++'
CXXDEPMODE='depmode=gcc3'
CXXFLAGS='-g -O2'
CYGPATH_W='echo'
DEFS='-DHAVE_CONFIG_H'
DEPDIR='.deps'
ECHO_C=''
ECHO_N='-n'
ECHO_T=''
EXEEXT=''
INSTALL_DATA='${INSTALL} -m 644'
INSTALL_PROGRAM='${INSTALL}'
INSTALL_SCRIPT='${INSTALL}'
INSTALL_STRIP_PROGRAM='$(install_sh) -c -s'
LDFLAGS=''
LIBOBJS=''
LIBS='-lpcre '
LTLIBOBJS=''
MAKEINFO='${SHELL} /root/crits/yara-1.6/missing --run makeinfo'
OBJEXT='o'
PACKAGE='yara'
PACKAGE_BUGREPORT='victor.alvarez@virustotal.com'
PACKAGE_NAME='yara'
PACKAGE_STRING='yara 1.6'
PACKAGE_TARNAME='yara'
PACKAGE_VERSION='1.6'
PATH_SEPARATOR=':'
RE2_FALSE=''
RE2_TRUE='#'
REVISION='#define REVISION "129"'
SET_MAKE=''
SHELL='/bin/sh'
STRIP=''
VERSION='1.6'
ac_ct_CC='gcc'
ac_ct_CXX='g++'
am__fastdepCC_FALSE='#'
am__fastdepCC_TRUE=''
am__fastdepCXX_FALSE='#'
am__fastdepCXX_TRUE=''
am__include='include'
am__isrc=''
am__leading_dot='.'
am__quote=''
am__tar='${AMTAR} chof - "$$tardir"'
am__untar='${AMTAR} xf -'
bindir='${exec_prefix}/bin'
build_alias=''
datadir='${datarootdir}'
datarootdir='${prefix}/share'
docdir='${datarootdir}/doc/${PACKAGE_TARNAME}'
dvidir='${docdir}'
exec_prefix='${prefix}'
host_alias=''
htmldir='${docdir}'
includedir='${prefix}/include'
infodir='${datarootdir}/info'
install_sh='$(SHELL) /root/crits/yara-1.6/install-sh'
libdir='${exec_prefix}/lib'
libexecdir='${exec_prefix}/libexec'
localedir='${datarootdir}/locale'
localstatedir='${prefix}/var'
mandir='${datarootdir}/man'
mkdir_p='/bin/mkdir -p'
oldincludedir='/usr/include'
pdfdir='${docdir}'
prefix='/usr/local'
program_transform_name='s,x,x,'
psdir='${docdir}'
sbindir='${exec_prefix}/sbin'
sharedstatedir='${prefix}/com'
subdirs=' libyara'
sysconfdir='${prefix}/etc'
target_alias=''

## ----------- ##
## confdefs.h. ##
## ----------- ##

#define PACKAGE_NAME "yara"
#define PACKAGE_TARNAME "yara"
#define PACKAGE_VERSION "1.6"
#define PACKAGE_STRING "yara 1.6"
#define PACKAGE_BUGREPORT "victor.alvarez@virustotal.com"
#define PACKAGE "yara"
#define VERSION "1.6"
#define HAVE_LIBPCRE 1

configure: exit 0
