This file contains any messages produced by compilers while
running configure, to aid debugging if configure makes a mistake.

It was created by libyara configure 1.6, which was
generated by GNU Autoconf 2.61.  Invocation command line was

  $ ./configure --prefix=/usr/local --cache-file=/dev/null --srcdir=.

## --------- ##
## Platform. ##
## --------- ##

hostname = critsdev01.mitre.org
uname -m = x86_64
uname -r = 2.6.32-220.13.1.el6.x86_64
uname -s = Linux
uname -v = #1 SMP Thu Mar 29 11:46:40 EDT 2012

/usr/bin/uname -p = unknown
/bin/uname -X     = unknown

/bin/arch              = x86_64
/usr/bin/arch -k       = unknown
/usr/convex/getsysinfo = unknown
/usr/bin/hostinfo      = unknown
/bin/machine           = unknown
/usr/bin/oslevel       = unknown
/bin/universe          = unknown

PATH: /sbin
PATH: /bin
PATH: /usr/sbin
PATH: /usr/bin


## ----------- ##
## Core tests. ##
## ----------- ##

configure:1991: checking for a BSD-compatible install
configure:2047: result: /usr/bin/install -c
configure:2058: checking whether build environment is sane
configure:2101: result: yes
configure:2129: checking for a thread-safe mkdir -p
configure:2168: result: /bin/mkdir -p
configure:2181: checking for gawk
configure:2197: found /bin/gawk
configure:2208: result: gawk
configure:2219: checking whether make sets $(MAKE)
configure:2240: result: yes
configure:2476: checking for gcc
configure:2492: found /usr/bin/gcc
configure:2503: result: gcc
configure:2741: checking for C compiler version
configure:2748: gcc --version >&5
gcc (GCC) 4.4.6 20110731 (Red Hat 4.4.6-3)
Copyright (C) 2010 Free Software Foundation, Inc.
This is free software; see the source for copying conditions.  There is NO
warranty; not even for MERCHANTABILITY or FITNESS FOR A PARTICULAR PURPOSE.

configure:2751: $? = 0
configure:2758: gcc -v >&5
Using built-in specs.
Target: x86_64-redhat-linux
Configured with: ../configure --prefix=/usr --mandir=/usr/share/man --infodir=/usr/share/info --with-bugurl=http://bugzilla.redhat.com/bugzilla --enable-bootstrap --enable-shared --enable-threads=posix --enable-checking=release --with-system-zlib --enable-__cxa_atexit --disable-libunwind-exceptions --enable-gnu-unique-object --enable-languages=c,c++,objc,obj-c++,java,fortran,ada --enable-java-awt=gtk --disable-dssi --with-java-home=/usr/lib/jvm/java-1.5.0-gcj-1.5.0.0/jre --enable-libgcj-multifile --enable-java-maintainer-mode --with-ecj-jar=/usr/share/java/eclipse-ecj.jar --disable-libjava-multilib --with-ppl --with-cloog --with-tune=generic --with-arch_32=i686 --build=x86_64-redhat-linux
Thread model: posix
gcc version 4.4.6 20110731 (Red Hat 4.4.6-3) (GCC) 
configure:2761: $? = 0
configure:2768: gcc -V >&5
gcc: '-V' option must have argument
configure:2771: $? = 1
configure:2794: checking for C compiler default output file name
configure:2821: gcc    conftest.c  >&5
configure:2824: $? = 0
configure:2862: result: a.out
configure:2879: checking whether the C compiler works
configure:2889: ./a.out
configure:2892: $? = 0
configure:2909: result: yes
configure:2916: checking whether we are cross compiling
configure:2918: result: no
configure:2921: checking for suffix of executables
configure:2928: gcc -o conftest    conftest.c  >&5
configure:2931: $? = 0
configure:2955: result: 
configure:2961: checking for suffix of object files
configure:2987: gcc -c   conftest.c >&5
configure:2990: $? = 0
configure:3013: result: o
configure:3017: checking whether we are using the GNU C compiler
configure:3046: gcc -c   conftest.c >&5
configure:3052: $? = 0
configure:3069: result: yes
configure:3074: checking whether gcc accepts -g
configure:3104: gcc -c -g  conftest.c >&5
configure:3110: $? = 0
configure:3209: result: yes
configure:3226: checking for gcc option to accept ISO C89
configure:3300: gcc  -c -g -O2  conftest.c >&5
configure:3306: $? = 0
configure:3329: result: none needed
configure:3358: checking for style of include used by make
configure:3386: result: GNU
configure:3411: checking dependency style of gcc
configure:3502: result: gcc3
configure:3575: checking for g++
configure:3591: found /usr/bin/g++
configure:3602: result: g++
configure:3633: checking for C++ compiler version
configure:3640: g++ --version >&5
g++ (GCC) 4.4.6 20110731 (Red Hat 4.4.6-3)
Copyright (C) 2010 Free Software Foundation, Inc.
This is free software; see the source for copying conditions.  There is NO
warranty; not even for MERCHANTABILITY or FITNESS FOR A PARTICULAR PURPOSE.

configure:3643: $? = 0
configure:3650: g++ -v >&5
Using built-in specs.
Target: x86_64-redhat-linux
Configured with: ../configure --prefix=/usr --mandir=/usr/share/man --infodir=/usr/share/info --with-bugurl=http://bugzilla.redhat.com/bugzilla --enable-bootstrap --enable-shared --enable-threads=posix --enable-checking=release --with-system-zlib --enable-__cxa_atexit --disable-libunwind-exceptions --enable-gnu-unique-object --enable-languages=c,c++,objc,obj-c++,java,fortran,ada --enable-java-awt=gtk --disable-dssi --with-java-home=/usr/lib/jvm/java-1.5.0-gcj-1.5.0.0/jre --enable-libgcj-multifile --enable-java-maintainer-mode --with-ecj-jar=/usr/share/java/eclipse-ecj.jar --disable-libjava-multilib --with-ppl --with-cloog --with-tune=generic --with-arch_32=i686 --build=x86_64-redhat-linux
Thread model: posix
gcc version 4.4.6 20110731 (Red Hat 4.4.6-3) (GCC) 
configure:3653: $? = 0
configure:3660: g++ -V >&5
g++: '-V' option must have argument
configure:3663: $? = 1
configure:3666: checking whether we are using the GNU C++ compiler
configure:3695: g++ -c   conftest.cpp >&5
configure:3701: $? = 0
configure:3718: result: yes
configure:3723: checking whether g++ accepts -g
configure:3753: g++ -c -g  conftest.cpp >&5
configure:3759: $? = 0
configure:3858: result: yes
configure:3883: checking dependency style of g++
configure:3974: result: gcc3
configure:3993: checking for bison
configure:4023: result: no
configure:3993: checking for byacc
configure:4023: result: no
configure:4037: checking for flex
configure:4067: result: no
configure:4037: checking for lex
configure:4067: result: no
configure:4271: checking build system type
configure:4289: result: x86_64-unknown-linux-gnu
configure:4311: checking host system type
configure:4326: result: x86_64-unknown-linux-gnu
configure:4348: checking for a sed that does not truncate output
configure:4427: result: /bin/sed
configure:4445: checking for grep that handles long lines and -e
configure:4519: result: /bin/grep
configure:4524: checking for egrep
configure:4602: result: /bin/grep -E
configure:4607: checking for fgrep
configure:4685: result: /bin/grep -F
configure:4720: checking for ld used by gcc
configure:4787: result: /usr/bin/ld
configure:4796: checking if the linker (/usr/bin/ld) is GNU ld
configure:4811: result: yes
configure:4823: checking for BSD- or MS-compatible name lister (nm)
configure:4872: result: /usr/bin/nm -B
configure:4994: checking the name lister (/usr/bin/nm -B) interface
configure:5001: gcc -c -g -O2  conftest.c >&5
configure:5004: /usr/bin/nm -B "conftest.o"
configure:5007: output
0000000000000000 B some_variable
configure:5014: result: BSD nm
configure:5017: checking whether ln -s works
configure:5021: result: yes
configure:5029: checking the maximum length of command line arguments
configure:5149: result: 1966080
configure:5166: checking whether the shell understands some XSI constructs
configure:5176: result: yes
configure:5180: checking whether the shell understands "+="
configure:5186: result: yes
configure:5221: checking for /usr/bin/ld option to reload object files
configure:5228: result: -r
configure:5297: checking for objdump
configure:5313: found /usr/bin/objdump
configure:5324: result: objdump
configure:5360: checking how to recognize dependent libraries
configure:5556: result: pass_all
configure:5616: checking for ar
configure:5632: found /usr/bin/ar
configure:5643: result: ar
configure:5725: checking for strip
configure:5741: found /usr/bin/strip
configure:5752: result: strip
configure:5828: checking for ranlib
configure:5844: found /usr/bin/ranlib
configure:5855: result: ranlib
configure:5949: checking command to parse /usr/bin/nm -B output from gcc object
configure:6067: gcc -c -g -O2  conftest.c >&5
configure:6070: $? = 0
configure:6074: /usr/bin/nm -B conftest.o \| sed -n -e 's/^.*[	 ]\([ABCDGIRSTW][ABCDGIRSTW]*\)[	 ][	 ]*\([_A-Za-z][_A-Za-z0-9]*\)$/\1 \2 \2/p' \> conftest.nm
configure:6077: $? = 0
configure:6131: gcc -o conftest -g -O2   conftest.c conftstm.o >&5
configure:6134: $? = 0
configure:6172: result: ok
configure:6267: gcc -c -g -O2  conftest.c >&5
configure:6270: $? = 0
configure:7050: checking how to run the C preprocessor
configure:7090: gcc -E  conftest.c
configure:7096: $? = 0
configure:7127: gcc -E  conftest.c
conftest.c:10:28: error: ac_nonexistent.h: No such file or directory
configure:7133: $? = 1
configure: failed program was:
| /* confdefs.h.  */
| #define PACKAGE_NAME "libyara"
| #define PACKAGE_TARNAME "libyara"
| #define PACKAGE_VERSION "1.6"
| #define PACKAGE_STRING "libyara 1.6"
| #define PACKAGE_BUGREPORT "victor.alvarez@virustotal.com"
| #define PACKAGE "libyara"
| #define VERSION "1.6"
| /* end confdefs.h.  */
| #include <ac_nonexistent.h>
configure:7166: result: gcc -E
configure:7195: gcc -E  conftest.c
configure:7201: $? = 0
configure:7232: gcc -E  conftest.c
conftest.c:10:28: error: ac_nonexistent.h: No such file or directory
configure:7238: $? = 1
configure: failed program was:
| /* confdefs.h.  */
| #define PACKAGE_NAME "libyara"
| #define PACKAGE_TARNAME "libyara"
| #define PACKAGE_VERSION "1.6"
| #define PACKAGE_STRING "libyara 1.6"
| #define PACKAGE_BUGREPORT "victor.alvarez@virustotal.com"
| #define PACKAGE "libyara"
| #define VERSION "1.6"
| /* end confdefs.h.  */
| #include <ac_nonexistent.h>
configure:7276: checking for ANSI C header files
configure:7306: gcc -c -g -O2  conftest.c >&5
configure:7312: $? = 0
configure:7411: gcc -o conftest -g -O2   conftest.c  >&5
configure:7414: $? = 0
configure:7420: ./conftest
configure:7423: $? = 0
configure:7440: result: yes
configure:7464: checking for sys/types.h
configure:7485: gcc -c -g -O2  conftest.c >&5
configure:7491: $? = 0
configure:7507: result: yes
configure:7464: checking for sys/stat.h
configure:7485: gcc -c -g -O2  conftest.c >&5
configure:7491: $? = 0
configure:7507: result: yes
configure:7464: checking for stdlib.h
configure:7485: gcc -c -g -O2  conftest.c >&5
configure:7491: $? = 0
configure:7507: result: yes
configure:7464: checking for string.h
configure:7485: gcc -c -g -O2  conftest.c >&5
configure:7491: $? = 0
configure:7507: result: yes
configure:7464: checking for memory.h
configure:7485: gcc -c -g -O2  conftest.c >&5
configure:7491: $? = 0
configure:7507: result: yes
configure:7464: checking for strings.h
configure:7485: gcc -c -g -O2  conftest.c >&5
configure:7491: $? = 0
configure:7507: result: yes
configure:7464: checking for inttypes.h
configure:7485: gcc -c -g -O2  conftest.c >&5
configure:7491: $? = 0
configure:7507: result: yes
configure:7464: checking for stdint.h
configure:7485: gcc -c -g -O2  conftest.c >&5
configure:7491: $? = 0
configure:7507: result: yes
configure:7464: checking for unistd.h
configure:7485: gcc -c -g -O2  conftest.c >&5
configure:7491: $? = 0
configure:7507: result: yes
configure:7523: checking for dlfcn.h
configure:7544: gcc -c -g -O2  conftest.c >&5
configure:7550: $? = 0
configure:7566: result: yes
configure:7695: checking for C++ compiler version
configure:7702: g++ --version >&5
g++ (GCC) 4.4.6 20110731 (Red Hat 4.4.6-3)
Copyright (C) 2010 Free Software Foundation, Inc.
This is free software; see the source for copying conditions.  There is NO
warranty; not even for MERCHANTABILITY or FITNESS FOR A PARTICULAR PURPOSE.

configure:7705: $? = 0
configure:7712: g++ -v >&5
Using built-in specs.
Target: x86_64-redhat-linux
Configured with: ../configure --prefix=/usr --mandir=/usr/share/man --infodir=/usr/share/info --with-bugurl=http://bugzilla.redhat.com/bugzilla --enable-bootstrap --enable-shared --enable-threads=posix --enable-checking=release --with-system-zlib --enable-__cxa_atexit --disable-libunwind-exceptions --enable-gnu-unique-object --enable-languages=c,c++,objc,obj-c++,java,fortran,ada --enable-java-awt=gtk --disable-dssi --with-java-home=/usr/lib/jvm/java-1.5.0-gcj-1.5.0.0/jre --enable-libgcj-multifile --enable-java-maintainer-mode --with-ecj-jar=/usr/share/java/eclipse-ecj.jar --disable-libjava-multilib --with-ppl --with-cloog --with-tune=generic --with-arch_32=i686 --build=x86_64-redhat-linux
Thread model: posix
gcc version 4.4.6 20110731 (Red Hat 4.4.6-3) (GCC) 
configure:7715: $? = 0
configure:7722: g++ -V >&5
g++: '-V' option must have argument
configure:7725: $? = 1
configure:7728: checking whether we are using the GNU C++ compiler
configure:7780: result: yes
configure:7785: checking whether g++ accepts -g
configure:7920: result: yes
configure:7945: checking dependency style of g++
configure:8036: result: gcc3
configure:8059: checking how to run the C++ preprocessor
configure:8095: g++ -E  conftest.cpp
configure:8101: $? = 0
configure:8132: g++ -E  conftest.cpp
conftest.cpp:21:28: error: ac_nonexistent.h: No such file or directory
configure:8138: $? = 1
configure: failed program was:
| /* confdefs.h.  */
| #define PACKAGE_NAME "libyara"
| #define PACKAGE_TARNAME "libyara"
| #define PACKAGE_VERSION "1.6"
| #define PACKAGE_STRING "libyara 1.6"
| #define PACKAGE_BUGREPORT "victor.alvarez@virustotal.com"
| #define PACKAGE "libyara"
| #define VERSION "1.6"
| #define STDC_HEADERS 1
| #define HAVE_SYS_TYPES_H 1
| #define HAVE_SYS_STAT_H 1
| #define HAVE_STDLIB_H 1
| #define HAVE_STRING_H 1
| #define HAVE_MEMORY_H 1
| #define HAVE_STRINGS_H 1
| #define HAVE_INTTYPES_H 1
| #define HAVE_STDINT_H 1
| #define HAVE_UNISTD_H 1
| #define HAVE_DLFCN_H 1
| /* end confdefs.h.  */
| #include <ac_nonexistent.h>
configure:8171: result: g++ -E
configure:8200: g++ -E  conftest.cpp
configure:8206: $? = 0
configure:8237: g++ -E  conftest.cpp
conftest.cpp:21:28: error: ac_nonexistent.h: No such file or directory
configure:8243: $? = 1
configure: failed program was:
| /* confdefs.h.  */
| #define PACKAGE_NAME "libyara"
| #define PACKAGE_TARNAME "libyara"
| #define PACKAGE_VERSION "1.6"
| #define PACKAGE_STRING "libyara 1.6"
| #define PACKAGE_BUGREPORT "victor.alvarez@virustotal.com"
| #define PACKAGE "libyara"
| #define VERSION "1.6"
| #define STDC_HEADERS 1
| #define HAVE_SYS_TYPES_H 1
| #define HAVE_SYS_STAT_H 1
| #define HAVE_STDLIB_H 1
| #define HAVE_STRING_H 1
| #define HAVE_MEMORY_H 1
| #define HAVE_STRINGS_H 1
| #define HAVE_INTTYPES_H 1
| #define HAVE_STDINT_H 1
| #define HAVE_UNISTD_H 1
| #define HAVE_DLFCN_H 1
| /* end confdefs.h.  */
| #include <ac_nonexistent.h>
configure:8455: checking for objdir
configure:8470: result: .libs
configure:8766: checking if gcc supports -fno-rtti -fno-exceptions
configure:8784: gcc -c -g -O2  -fno-rtti -fno-exceptions conftest.c >&5
cc1: warning: command line option "-fno-rtti" is valid for C++/ObjC++ but not for C
configure:8788: $? = 0
configure:8801: result: no
configure:8821: checking for gcc option to produce PIC
configure:9093: result: -fPIC -DPIC
configure:9105: checking if gcc PIC flag -fPIC -DPIC works
configure:9123: gcc -c -g -O2  -fPIC -DPIC -DPIC conftest.c >&5
configure:9127: $? = 0
configure:9140: result: yes
configure:9164: checking if gcc static flag -static works
configure:9192: result: no
configure:9207: checking if gcc supports -c -o file.o
configure:9228: gcc -c -g -O2  -o out/conftest2.o conftest.c >&5
configure:9232: $? = 0
configure:9254: result: yes
configure:9262: checking if gcc supports -c -o file.o
configure:9309: result: yes
configure:9342: checking whether the gcc linker (/usr/bin/ld -m elf_x86_64) supports shared libraries
configure:10405: result: yes
configure:10442: checking whether -lc should be explicitly linked in
configure:10447: gcc -c -g -O2  conftest.c >&5
configure:10450: $? = 0
configure:10465: gcc -shared conftest.o  -v -Wl,-soname -Wl,conftest -o conftest 2\>\&1 \| /bin/grep  -lc  \>/dev/null 2\>\&1
configure:10468: $? = 0
configure:10480: result: no
configure:10644: checking dynamic linker characteristics
configure:11087: gcc -o conftest -g -O2   -Wl,-rpath -Wl,/foo conftest.c  >&5
configure:11093: $? = 0
configure:11335: result: GNU/Linux ld.so
configure:11437: checking how to hardcode library paths into programs
configure:11462: result: immediate
configure:12267: checking whether stripping libraries is possible
configure:12272: result: yes
configure:12307: checking if libtool supports shared libraries
configure:12309: result: yes
configure:12312: checking whether to build shared libraries
configure:12333: result: yes
configure:12336: checking whether to build static libraries
configure:12340: result: yes
configure:12490: checking for ld used by g++
configure:12557: result: /usr/bin/ld -m elf_x86_64
configure:12566: checking if the linker (/usr/bin/ld -m elf_x86_64) is GNU ld
configure:12581: result: yes
configure:12636: checking whether the g++ linker (/usr/bin/ld -m elf_x86_64) supports shared libraries
configure:13603: result: yes
configure:13631: g++ -c -g -O2  conftest.cpp >&5
configure:13634: $? = 0
configure:13816: checking for g++ option to produce PIC
configure:14133: result: -fPIC -DPIC
configure:14142: checking if g++ PIC flag -fPIC -DPIC works
configure:14160: g++ -c -g -O2  -fPIC -DPIC -DPIC conftest.cpp >&5
configure:14164: $? = 0
configure:14177: result: yes
configure:14198: checking if g++ static flag -static works
configure:14226: result: no
configure:14238: checking if g++ supports -c -o file.o
configure:14259: g++ -c -g -O2  -o out/conftest2.o conftest.cpp >&5
configure:14263: $? = 0
configure:14285: result: yes
configure:14290: checking if g++ supports -c -o file.o
configure:14337: result: yes
configure:14367: checking whether the g++ linker (/usr/bin/ld -m elf_x86_64) supports shared libraries
configure:14396: result: yes
configure:14533: checking dynamic linker characteristics
configure:14924: g++ -o conftest -g -O2   -Wl,-rpath -Wl,/foo conftest.cpp  >&5
configure:14930: $? = 0
configure:15172: result: GNU/Linux ld.so
configure:15223: checking how to hardcode library paths into programs
configure:15248: result: immediate
configure:15391: checking for main in -lpcre
configure:15420: gcc -o conftest -g -O2   conftest.c -lpcre   >&5
configure:15426: $? = 0
configure:15444: result: yes
configure:15609: creating ./config.status

## ---------------------- ##
## Running config.status. ##
## ---------------------- ##

This file was extended by libyara config.status 1.6, which was
generated by GNU Autoconf 2.61.  Invocation command line was

  CONFIG_FILES    = 
  CONFIG_HEADERS  = 
  CONFIG_LINKS    = 
  CONFIG_COMMANDS = 
  $ ./config.status 

on critsdev01.mitre.org

config.status:918: creating Makefile
config.status:918: creating regex/Makefile
config.status:918: creating config.h
config.status:1193: executing depfiles commands
config.status:1193: executing libtool commands

## ---------------- ##
## Cache variables. ##
## ---------------- ##

ac_cv_build=x86_64-unknown-linux-gnu
ac_cv_c_compiler_gnu=yes
ac_cv_cxx_compiler_gnu=yes
ac_cv_env_CCC_set=
ac_cv_env_CCC_value=
ac_cv_env_CC_set=
ac_cv_env_CC_value=
ac_cv_env_CFLAGS_set=
ac_cv_env_CFLAGS_value=
ac_cv_env_CPPFLAGS_set=
ac_cv_env_CPPFLAGS_value=
ac_cv_env_CPP_set=
ac_cv_env_CPP_value=
ac_cv_env_CXXCPP_set=
ac_cv_env_CXXCPP_value=
ac_cv_env_CXXFLAGS_set=
ac_cv_env_CXXFLAGS_value=
ac_cv_env_CXX_set=
ac_cv_env_CXX_value=
ac_cv_env_LDFLAGS_set=
ac_cv_env_LDFLAGS_value=
ac_cv_env_LIBS_set=
ac_cv_env_LIBS_value=
ac_cv_env_YACC_set=
ac_cv_env_YACC_value=
ac_cv_env_YFLAGS_set=
ac_cv_env_YFLAGS_value=
ac_cv_env_build_alias_set=
ac_cv_env_build_alias_value=
ac_cv_env_host_alias_set=
ac_cv_env_host_alias_value=
ac_cv_env_target_alias_set=
ac_cv_env_target_alias_value=
ac_cv_header_dlfcn_h=yes
ac_cv_header_inttypes_h=yes
ac_cv_header_memory_h=yes
ac_cv_header_stdc=yes
ac_cv_header_stdint_h=yes
ac_cv_header_stdlib_h=yes
ac_cv_header_string_h=yes
ac_cv_header_strings_h=yes
ac_cv_header_sys_stat_h=yes
ac_cv_header_sys_types_h=yes
ac_cv_header_unistd_h=yes
ac_cv_host=x86_64-unknown-linux-gnu
ac_cv_lib_pcre_main=yes
ac_cv_objext=o
ac_cv_path_EGREP='/bin/grep -E'
ac_cv_path_FGREP='/bin/grep -F'
ac_cv_path_GREP=/bin/grep
ac_cv_path_SED=/bin/sed
ac_cv_path_install='/usr/bin/install -c'
ac_cv_path_mkdir=/bin/mkdir
ac_cv_prog_AWK=gawk
ac_cv_prog_CPP='gcc -E'
ac_cv_prog_CXXCPP='g++ -E'
ac_cv_prog_ac_ct_AR=ar
ac_cv_prog_ac_ct_CC=gcc
ac_cv_prog_ac_ct_CXX=g++
ac_cv_prog_ac_ct_OBJDUMP=objdump
ac_cv_prog_ac_ct_RANLIB=ranlib
ac_cv_prog_ac_ct_STRIP=strip
ac_cv_prog_cc_c89=
ac_cv_prog_cc_g=yes
ac_cv_prog_cxx_g=yes
ac_cv_prog_make_make_set=yes
am_cv_CC_dependencies_compiler_type=gcc3
am_cv_CXX_dependencies_compiler_type=gcc3
lt_cv_deplibs_check_method=pass_all
lt_cv_file_magic_cmd='$MAGIC_CMD'
lt_cv_file_magic_test_file=
lt_cv_ld_reload_flag=-r
lt_cv_nm_interface='BSD nm'
lt_cv_objdir=.libs
lt_cv_path_LD=/usr/bin/ld
lt_cv_path_LDCXX='/usr/bin/ld -m elf_x86_64'
lt_cv_path_NM='/usr/bin/nm -B'
lt_cv_prog_compiler_c_o=yes
lt_cv_prog_compiler_c_o_CXX=yes
lt_cv_prog_compiler_pic_works=yes
lt_cv_prog_compiler_pic_works_CXX=yes
lt_cv_prog_compiler_rtti_exceptions=no
lt_cv_prog_compiler_static_works=no
lt_cv_prog_compiler_static_works_CXX=no
lt_cv_prog_gnu_ld=yes
lt_cv_prog_gnu_ldcxx=yes
lt_cv_sys_global_symbol_pipe='sed -n -e '\''s/^.*[	 ]\([ABCDGIRSTW][ABCDGIRSTW]*\)[	 ][	 ]*\([_A-Za-z][_A-Za-z0-9]*\)$/\1 \2 \2/p'\'''
lt_cv_sys_global_symbol_to_c_name_address='sed -n -e '\''s/^: \([^ ]*\) $/  {\"\1\", (void *) 0},/p'\'' -e '\''s/^[ABCDGIRSTW]* \([^ ]*\) \([^ ]*\)$/  {"\2", (void *) \&\2},/p'\'''
lt_cv_sys_global_symbol_to_c_name_address_lib_prefix='sed -n -e '\''s/^: \([^ ]*\) $/  {\"\1\", (void *) 0},/p'\'' -e '\''s/^[ABCDGIRSTW]* \([^ ]*\) \(lib[^ ]*\)$/  {"\2", (void *) \&\2},/p'\'' -e '\''s/^[ABCDGIRSTW]* \([^ ]*\) \([^ ]*\)$/  {"lib\2", (void *) \&\2},/p'\'''
lt_cv_sys_global_symbol_to_cdecl='sed -n -e '\''s/^T .* \(.*\)$/extern int \1();/p'\'' -e '\''s/^[ABCDGIRSTW]* .* \(.*\)$/extern char \1;/p'\'''
lt_cv_sys_max_cmd_len=1966080

## ----------------- ##
## Output variables. ##
## ----------------- ##

ACLOCAL='${SHELL} /root/crits/yara-1.6/missing --run aclocal-1.10'
AMDEPBACKSLASH='\'
AMDEP_FALSE='#'
AMDEP_TRUE=''
AMTAR='${SHELL} /root/crits/yara-1.6/missing --run tar'
AR='ar'
AUTOCONF='${SHELL} /root/crits/yara-1.6/missing --run autoconf'
AUTOHEADER='${SHELL} /root/crits/yara-1.6/missing --run autoheader'
AUTOMAKE='${SHELL} /root/crits/yara-1.6/missing --run automake-1.10'
AWK='gawk'
CC='gcc'
CCDEPMODE='depmode=gcc3'
CFLAGS='-g -O2'
CPP='gcc -E'
CPPFLAGS=''
CXX='g++'
CXXCPP='g++ -E'
CXXDEPMODE='depmode=gcc3'
CXXFLAGS='-g -O2'
CYGPATH_W='echo'
DEFS='-DHAVE_CONFIG_H'
DEPDIR='.deps'
DSYMUTIL=''
DUMPBIN=''
ECHO_C=''
ECHO_N='-n'
ECHO_T=''
EGREP='/bin/grep -E'
EXEEXT=''
FGREP='/bin/grep -F'
GREP='/bin/grep'
INSTALL_DATA='${INSTALL} -m 644'
INSTALL_PROGRAM='${INSTALL}'
INSTALL_SCRIPT='${INSTALL}'
INSTALL_STRIP_PROGRAM='$(install_sh) -c -s'
LD='/usr/bin/ld -m elf_x86_64'
LDFLAGS=''
LEX='${SHELL} /root/crits/yara-1.6/missing --run flex'
LEXLIB=''
LEX_OUTPUT_ROOT=''
LIBOBJS=''
LIBS='-lpcre '
LIBTOOL='$(SHELL) $(top_builddir)/libtool'
LIPO=''
LN_S='ln -s'
LTLIBOBJS=''
MAKEINFO='${SHELL} /root/crits/yara-1.6/missing --run makeinfo'
NM='/usr/bin/nm -B'
NMEDIT=''
OBJDUMP='objdump'
OBJEXT='o'
OTOOL64=''
OTOOL=''
PACKAGE='libyara'
PACKAGE_BUGREPORT='victor.alvarez@virustotal.com'
PACKAGE_NAME='libyara'
PACKAGE_STRING='libyara 1.6'
PACKAGE_TARNAME='libyara'
PACKAGE_VERSION='1.6'
PATH_SEPARATOR=':'
RANLIB='ranlib'
RE2_FALSE=''
RE2_TRUE='#'
SED='/bin/sed'
SET_MAKE=''
SHELL='/bin/sh'
STRIP='strip'
VERSION='1.6'
YACC='yacc'
YFLAGS=''
ac_ct_CC='gcc'
ac_ct_CXX='g++'
ac_ct_DUMPBIN=''
am__fastdepCC_FALSE='#'
am__fastdepCC_TRUE=''
am__fastdepCXX_FALSE='#'
am__fastdepCXX_TRUE=''
am__include='include'
am__isrc=''
am__leading_dot='.'
am__quote=''
am__tar='${AMTAR} chof - "$$tardir"'
am__untar='${AMTAR} xf -'
bindir='${exec_prefix}/bin'
build='x86_64-unknown-linux-gnu'
build_alias=''
build_cpu='x86_64'
build_os='linux-gnu'
build_vendor='unknown'
datadir='${datarootdir}'
datarootdir='${prefix}/share'
docdir='${datarootdir}/doc/${PACKAGE_TARNAME}'
dvidir='${docdir}'
exec_prefix='${prefix}'
host='x86_64-unknown-linux-gnu'
host_alias=''
host_cpu='x86_64'
host_os='linux-gnu'
host_vendor='unknown'
htmldir='${docdir}'
includedir='${prefix}/include'
infodir='${datarootdir}/info'
install_sh='$(SHELL) /root/crits/yara-1.6/install-sh'
libdir='${exec_prefix}/lib'
libexecdir='${exec_prefix}/libexec'
localedir='${datarootdir}/locale'
localstatedir='${prefix}/var'
lt_ECHO='echo'
mandir='${datarootdir}/man'
mkdir_p='/bin/mkdir -p'
oldincludedir='/usr/include'
pdfdir='${docdir}'
prefix='/usr/local'
program_transform_name='s,x,x,'
psdir='${docdir}'
sbindir='${exec_prefix}/sbin'
sharedstatedir='${prefix}/com'
sysconfdir='${prefix}/etc'
target_alias=''

## ----------- ##
## confdefs.h. ##
## ----------- ##

#define PACKAGE_NAME "libyara"
#define PACKAGE_TARNAME "libyara"
#define PACKAGE_VERSION "1.6"
#define PACKAGE_STRING "libyara 1.6"
#define PACKAGE_BUGREPORT "victor.alvarez@virustotal.com"
#define PACKAGE "libyara"
#define VERSION "1.6"
#define STDC_HEADERS 1
#define HAVE_SYS_TYPES_H 1
#define HAVE_SYS_STAT_H 1
#define HAVE_STDLIB_H 1
#define HAVE_STRING_H 1
#define HAVE_MEMORY_H 1
#define HAVE_STRINGS_H 1
#define HAVE_INTTYPES_H 1
#define HAVE_STDINT_H 1
#define HAVE_UNISTD_H 1
#define HAVE_DLFCN_H 1
#define LT_OBJDIR ".libs/"
#define HAVE_LIBPCRE 1

configure: exit 0
